<html>
<head>
<title>TestNG:  Default test(failed)</title>
<link href="../testng.css" rel="stylesheet" type="text/css" />
<link href="../my-testng.css" rel="stylesheet" type="text/css" />

<style type="text/css">
.log { display: none;} 
.stack-trace { display: none;} 
</style>
<script type="text/javascript">
<!--
function flip(e) {
  current = e.style.display;
  if (current == 'block') {
    e.style.display = 'none';
    return 0;
  }
  else {
    e.style.display = 'block';
    return 1;
  }
}

function toggleBox(szDivId, elem, msg1, msg2)
{
  var res = -1;  if (document.getElementById) {
    res = flip(document.getElementById(szDivId));
  }
  else if (document.all) {
    // this is the way old msie versions work
    res = flip(document.all[szDivId]);
  }
  if(elem) {
    if(res == 0) elem.innerHTML = msg1; else elem.innerHTML = msg2;
  }

}

function toggleAllBoxes() {
  if (document.getElementsByTagName) {
    d = document.getElementsByTagName('div');
    for (i = 0; i < d.length; i++) {
      if (d[i].className == 'log') {
        flip(d[i]);
      }
    }
  }
}

// -->
</script>

</head>
<body>
<h2 align='center'>Default test(failed)</h2><table border='1' align="center">
<tr>
<td>Tests passed/Failed/Skipped:</td><td>3/1/0</td>
</tr><tr>
<td>Started on:</td><td>Wed Feb 05 14:49:40 IST 2020</td>
</tr>
<tr><td>Total time:</td><td>338 seconds (338951 ms)</td>
</tr><tr>
<td>Included groups:</td><td></td>
</tr><tr>
<td>Excluded groups:</td><td></td>
</tr>
</table><p/>
<small><i>(Hover the method name to see the test class name)</i></small><p/>
<table width='100%' border='1' class='invocation-failed'>
<tr><td colspan='4' align='center'><b>FAILED TESTS</b></td></tr>
<tr><td><b>Test method</b></td>
<td width="30%"><b>Exception</b></td>
<td width="10%"><b>Time (seconds)</b></td>
<td><b>Instance</b></td>
</tr>
<tr>
<td title='TestCases.DocProBasicFunctionality.createParentLevels()'><b>createParentLevels</b><br>Test class: TestCases.DocProBasicFunctionality<br>Parameters: TC016, Y, Validate the  published document is displayed in TOC , bh, a1, 01.FCPA, , , , , , , QMS/FC/P/FCPA/0001, Assignment and Delegation of Work, , , , , , , B.I, B Bhuvana  </td>
<td><div><pre>java.lang.RuntimeException: FAILED
	at Utilities.Reporter.reportStep(Reporter.java:33)
	at Utilities.Reporter.reportStep(Reporter.java:43)
	at CommonMethods.SeMethods.type(SeMethods.java:136)
	at Pages.TOC.validateDocISRevised(TOC.java:133)
	at TestCases.DocProBasicFunctionality.createParentLevels(DocProBasicFunctionality.java:133)
... Removed 25 stack frames</pre></div><a href='#' onClick='toggleBox("stack-trace18026742", this, "Click to show all stack frames", "Click to hide stack frames")'>Click to show all stack frames</a>
<div class='stack-trace' id='stack-trace18026742'><pre>java.lang.RuntimeException: FAILED
	at Utilities.Reporter.reportStep(Reporter.java:33)
	at Utilities.Reporter.reportStep(Reporter.java:43)
	at CommonMethods.SeMethods.type(SeMethods.java:136)
	at Pages.TOC.validateDocISRevised(TOC.java:133)
	at TestCases.DocProBasicFunctionality.createParentLevels(DocProBasicFunctionality.java:133)
	at sun.reflect.NativeMethodAccessorImpl.invoke0(Native Method)
	at sun.reflect.NativeMethodAccessorImpl.invoke(Unknown Source)
	at sun.reflect.DelegatingMethodAccessorImpl.invoke(Unknown Source)
	at java.lang.reflect.Method.invoke(Unknown Source)
	at org.testng.internal.MethodInvocationHelper.invokeMethod(MethodInvocationHelper.java:108)
	at org.testng.internal.Invoker.invokeMethod(Invoker.java:661)
	at org.testng.internal.Invoker.invokeTestMethod(Invoker.java:869)
	at org.testng.internal.Invoker.invokeTestMethods(Invoker.java:1193)
	at org.testng.internal.TestMethodWorker.invokeTestMethods(TestMethodWorker.java:126)
	at org.testng.internal.TestMethodWorker.run(TestMethodWorker.java:109)
	at org.testng.TestRunner.privateRun(TestRunner.java:744)
	at org.testng.TestRunner.run(TestRunner.java:602)
	at org.testng.SuiteRunner.runTest(SuiteRunner.java:380)
	at org.testng.SuiteRunner.runSequentially(SuiteRunner.java:375)
	at org.testng.SuiteRunner.privateRun(SuiteRunner.java:340)
	at org.testng.SuiteRunner.run(SuiteRunner.java:289)
	at org.testng.SuiteRunnerWorker.runSuite(SuiteRunnerWorker.java:52)
	at org.testng.SuiteRunnerWorker.run(SuiteRunnerWorker.java:86)
	at org.testng.TestNG.runSuitesSequentially(TestNG.java:1301)
	at org.testng.TestNG.runSuitesLocally(TestNG.java:1226)
	at org.testng.TestNG.runSuites(TestNG.java:1144)
	at org.testng.TestNG.run(TestNG.java:1115)
	at org.testng.remote.AbstractRemoteTestNG.run(AbstractRemoteTestNG.java:114)
	at org.testng.remote.RemoteTestNG.initAndRun(RemoteTestNG.java:251)
	at org.testng.remote.RemoteTestNG.main(RemoteTestNG.java:77)
</pre></div></td>
<td>97</td>
<td>TestCases.DocProBasicFunctionality@1f13d6e</td></tr>
</table><p>
<table width='100%' border='1' class='invocation-passed'>
<tr><td colspan='4' align='center'><b>PASSED TESTS</b></td></tr>
<tr><td><b>Test method</b></td>
<td width="30%"><b>Exception</b></td>
<td width="10%"><b>Time (seconds)</b></td>
<td><b>Instance</b></td>
</tr>
<tr>
<td title='TestCases.DocProBasicFunctionality.createParentLevels()'><b>createParentLevels</b><br>Test class: TestCases.DocProBasicFunctionality<br>Parameters: TC011, Y, Publish the document for the sub level which has auto approval route, bh, a1, , , , 01.FCPA, , , , 01, Assignment and Delegation of Work, D:\\Quality Manual\\Operation Procedure.doc, , , , , , , </td>
<td></td>
<td>105</td>
<td>TestCases.DocProBasicFunctionality@1f13d6e</td></tr>
<tr>
<td title='TestCases.DocProBasicFunctionality.createParentLevels()'><b>createParentLevels</b><br>Test class: TestCases.DocProBasicFunctionality<br>Parameters: TC015, Y, Initiate change request(Document Revision) for the document which has autoapproval route, bh, a1, 01.FCPA, , , , , , , QMS/FC/P/FCPA/0001, , D:\\Quality Manual\\Operation Procedure.doc, , , , Need Some changes to be made in the document as per standard, Changing the norms as per the management std, , </td>
<td></td>
<td>55</td>
<td>TestCases.DocProBasicFunctionality@1f13d6e</td></tr>
<tr>
<td title='TestCases.DocProBasicFunctionality.createParentLevels()'><b>createParentLevels</b><br>Test class: TestCases.DocProBasicFunctionality<br>Parameters: TC017, Y, Initiate delete  request for the document which has  autoapproval route, bh, a1, 01.FCPA, , , , , , , QMS/FC/P/FCPA/0001, , , , , , Not following as per standards, Need more changes on this document, , </td>
<td></td>
<td>56</td>
<td>TestCases.DocProBasicFunctionality@1f13d6e</td></tr>
</table><p>
</body>
</html>