<?xml version="1.0" encoding="UTF-8"?>
<!-- Generated by org.testng.reporters.JUnitXMLReporter -->
<testsuite hostname="DESKTOP-FLV1Q8H" ignored="0" name="Default test(failed)" tests="4" failures="1" timestamp="05 Feb 2020 09:25:19 GMT" time="338.951" errors="0">
  <testcase name="createParentLevels" time="105.117" classname="TestCases.DocProBasicFunctionality"/>
  <testcase name="createParentLevels" time="55.117" classname="TestCases.DocProBasicFunctionality"/>
  <testcase name="createParentLevels" time="97.185" classname="TestCases.DocProBasicFunctionality">
    <failure type="java.lang.RuntimeException" message="FAILED">
      <![CDATA[java.lang.RuntimeException: FAILED
	at Utilities.Reporter.reportStep(Reporter.java:33)
	at Utilities.Reporter.reportStep(Reporter.java:43)
	at CommonMethods.SeMethods.type(SeMethods.java:136)
	at Pages.TOC.validateDocISRevised(TOC.java:133)
	at TestCases.DocProBasicFunctionality.createParentLevels(DocProBasicFunctionality.java:133)
... Removed 25 stack frames]]>
    </failure>
  </testcase> <!-- createParentLevels -->
  <testcase name="createParentLevels" time="56.426" classname="TestCases.DocProBasicFunctionality"/>
</testsuite> <!-- Default test(failed) -->
