<?xml version="1.0" encoding="UTF-8"?>
<!-- Generated by org.testng.reporters.JUnitXMLReporter -->
<testsuite hostname="DESKTOP-FLV1Q8H" ignored="4" name="Test" tests="18" failures="6" timestamp="28 Jan 2020 09:35:01 GMT" time="1367.945" errors="0">
  <testcase name="login" time="11.036" classname="TestCases.BasicSuiteFunctionality"/>
  <testcase name="login" time="1.877" classname="TestCases.BasicSuiteFunctionality"/>
  <testcase name="login" time="44.437" classname="TestCases.BasicSuiteFunctionality"/>
  <testcase name="login" time="111.148" classname="TestCases.BasicSuiteFunctionality"/>
  <testcase name="login" time="107.303" classname="TestCases.BasicSuiteFunctionality"/>
  <testcase name="login" time="32.902" classname="TestCases.BasicSuiteFunctionality"/>
  <testcase name="createParentLevels" time="54.497" classname="TestCases.DocProBasicFunctionality"/>
  <testcase name="createParentLevels" time="53.022" classname="TestCases.DocProBasicFunctionality">
    <failure type="java.lang.NullPointerException">
      <![CDATA[java.lang.NullPointerException
	at org.openqa.selenium.support.pagefactory.internal.LocatingElementHandler.invoke(LocatingElementHandler.java:51)
	at com.sun.proxy.$Proxy15.toString(Unknown Source)
	at java.lang.String.valueOf(Unknown Source)
	at java.lang.StringBuilder.append(Unknown Source)
	at CommonMethods.SeMethods.switchToFrame(SeMethods.java:364)
	at Pages.LevelCreationPage.createSubLevels(LevelCreationPage.java:101)
	at TestCases.DocProBasicFunctionality.createParentLevels(DocProBasicFunctionality.java:51)
... Removed 28 stack frames]]>
    </failure>
  </testcase> <!-- createParentLevels -->
  <testcase name="createParentLevels" time="62.252" classname="TestCases.DocProBasicFunctionality"/>
  <testcase name="createParentLevels" time="106.47" classname="TestCases.DocProBasicFunctionality"/>
  <testcase name="createParentLevels" time="107.7" classname="TestCases.DocProBasicFunctionality"/>
  <testcase name="createParentLevels" time="121.574" classname="TestCases.DocProBasicFunctionality">
    <failure type="java.lang.NullPointerException">
      <![CDATA[java.lang.NullPointerException
	at org.openqa.selenium.support.pagefactory.internal.LocatingElementHandler.invoke(LocatingElementHandler.java:51)
	at com.sun.proxy.$Proxy15.isDisplayed(Unknown Source)
	at org.openqa.selenium.support.ui.ExpectedConditions.elementIfVisible(ExpectedConditions.java:301)
	at org.openqa.selenium.support.ui.ExpectedConditions.access$100(ExpectedConditions.java:43)
	at org.openqa.selenium.support.ui.ExpectedConditions$10.apply(ExpectedConditions.java:287)
	at org.openqa.selenium.support.ui.ExpectedConditions$10.apply(ExpectedConditions.java:284)
	at org.openqa.selenium.support.ui.ExpectedConditions$23.apply(ExpectedConditions.java:672)
	at org.openqa.selenium.support.ui.ExpectedConditions$23.apply(ExpectedConditions.java:668)
	at org.openqa.selenium.support.ui.FluentWait.until(FluentWait.java:208)
	at CommonMethods.SeMethods.click(SeMethods.java:142)
	at Pages.NewDocumentsRequest.uploadNewDocument(NewDocumentsRequest.java:88)
	at TestCases.DocProBasicFunctionality.createParentLevels(DocProBasicFunctionality.java:91)
... Removed 28 stack frames]]>
    </failure>
  </testcase> <!-- createParentLevels -->
  <testcase name="createParentLevels" time="181.666" classname="TestCases.DocProBasicFunctionality"/>
  <testcase name="createParentLevels" time="51.552" classname="TestCases.DocProBasicFunctionality">
    <failure type="java.lang.RuntimeException" message="FAILED">
      <![CDATA[java.lang.RuntimeException: FAILED
	at Utilities.Reporter.reportStep(Reporter.java:33)
	at Utilities.Reporter.reportStep(Reporter.java:43)
	at CommonMethods.SeMethods.click(SeMethods.java:153)
	at Pages.Actions.draftRequestsNeedingViewing(Actions.java:110)
	at TestCases.DocProBasicFunctionality.createParentLevels(DocProBasicFunctionality.java:109)
... Removed 25 stack frames]]>
    </failure>
  </testcase> <!-- createParentLevels -->
  <testcase name="createParentLevels" time="65.232" classname="TestCases.DocProBasicFunctionality"/>
  <testcase name="createParentLevels" time="71.5" classname="TestCases.DocProBasicFunctionality">
    <failure type="org.openqa.selenium.NoSuchElementException" message="no such element: Unable to locate element: {&amp;quot;method&amp;quot;:&amp;quot;xpath&amp;quot;,&amp;quot;selector&amp;quot;:&amp;quot;//a[text()=&amp;apos;QMS/FC/P/FCPA/0001&amp;apos;]&amp;quot;}
  (Session info: chrome=79.0.3945.130)
For documentation on this error, please visit: http://seleniumhq.org/exceptions/no_such_element.html
Build info: version: &amp;apos;3.8.1&amp;apos;, revision: &amp;apos;6e95a6684b&amp;apos;, time: &amp;apos;2017-12-01T18:33:54.468Z&amp;apos;
System info: host: &amp;apos;DESKTOP-FLV1Q8H&amp;apos;, ip: &amp;apos;192.168.100.133&amp;apos;, os.name: &amp;apos;Windows 8.1&amp;apos;, os.arch: &amp;apos;x86&amp;apos;, os.version: &amp;apos;6.3&amp;apos;, java.version: &amp;apos;1.8.0&amp;apos;
Driver info: org.openqa.selenium.chrome.ChromeDriver
Capabilities {acceptInsecureCerts: false, browserName: chrome, browserVersion: 79.0.3945.130, chrome: {chromedriverVersion: 78.0.3904.70 (edb9c9f3de024..., userDataDir: C:\Users\Omnex\AppData\Loca...}, goog:chromeOptions: {debuggerAddress: localhost:62909}, javascriptEnabled: true, networkConnectionEnabled: false, pageLoadStrategy: normal, platform: XP, platformName: XP, proxy: Proxy(), setWindowRect: true, strictFileInteractability: false, timeouts: {implicit: 0, pageLoad: 300000, script: 30000}, unhandledPromptBehavior: dismiss and notify}
Session ID: 7e5d2af4cac5d067e9a17e18ab0a68cf
*** Element info: {Using=xpath, value=//a[text()=&amp;apos;QMS/FC/P/FCPA/0001&amp;apos;]}">
      <![CDATA[org.openqa.selenium.NoSuchElementException: no such element: Unable to locate element: {"method":"xpath","selector":"//a[text()='QMS/FC/P/FCPA/0001']"}
  (Session info: chrome=79.0.3945.130)
For documentation on this error, please visit: http://seleniumhq.org/exceptions/no_such_element.html
Build info: version: '3.8.1', revision: '6e95a6684b', time: '2017-12-01T18:33:54.468Z'
System info: host: 'DESKTOP-FLV1Q8H', ip: '192.168.100.133', os.name: 'Windows 8.1', os.arch: 'x86', os.version: '6.3', java.version: '1.8.0'
Driver info: org.openqa.selenium.chrome.ChromeDriver
Capabilities {acceptInsecureCerts: false, browserName: chrome, browserVersion: 79.0.3945.130, chrome: {chromedriverVersion: 78.0.3904.70 (edb9c9f3de024..., userDataDir: C:\Users\Omnex\AppData\Loca...}, goog:chromeOptions: {debuggerAddress: localhost:62909}, javascriptEnabled: true, networkConnectionEnabled: false, pageLoadStrategy: normal, platform: XP, platformName: XP, proxy: Proxy(), setWindowRect: true, strictFileInteractability: false, timeouts: {implicit: 0, pageLoad: 300000, script: 30000}, unhandledPromptBehavior: dismiss and notify}
Session ID: 7e5d2af4cac5d067e9a17e18ab0a68cf
*** Element info: {Using=xpath, value=//a[text()='QMS/FC/P/FCPA/0001']}
	at org.openqa.selenium.remote.http.W3CHttpResponseCodec.createException(W3CHttpResponseCodec.java:187)
	at org.openqa.selenium.remote.http.W3CHttpResponseCodec.decode(W3CHttpResponseCodec.java:122)
	at org.openqa.selenium.remote.http.W3CHttpResponseCodec.decode(W3CHttpResponseCodec.java:49)
	at org.openqa.selenium.remote.HttpCommandExecutor.execute(HttpCommandExecutor.java:164)
	at org.openqa.selenium.remote.service.DriverCommandExecutor.execute(DriverCommandExecutor.java:83)
	at org.openqa.selenium.remote.RemoteWebDriver.execute(RemoteWebDriver.java:601)
	at org.openqa.selenium.remote.RemoteWebDriver.findElement(RemoteWebDriver.java:371)
	at org.openqa.selenium.remote.RemoteWebDriver.findElementByXPath(RemoteWebDriver.java:473)
	at Pages.TOC.reviseDocument(TOC.java:106)
	at TestCases.DocProBasicFunctionality.createParentLevels(DocProBasicFunctionality.java:125)
... Removed 28 stack frames]]>
    </failure>
  </testcase> <!-- createParentLevels -->
  <testcase name="createParentLevels" time="60.078" classname="TestCases.DocProBasicFunctionality">
    <failure type="java.lang.NullPointerException">
      <![CDATA[java.lang.NullPointerException
	at CommonMethods.SeMethods.getText(SeMethods.java:208)
	at CommonMethods.SeMethods.verifyExactText(SeMethods.java:273)
	at Pages.TOC.validateDocISRevised(TOC.java:136)
	at TestCases.DocProBasicFunctionality.createParentLevels(DocProBasicFunctionality.java:133)
... Removed 25 stack frames]]>
    </failure>
  </testcase> <!-- createParentLevels -->
  <testcase name="createParentLevels" time="19.565" classname="TestCases.DocProBasicFunctionality">
    <failure type="java.lang.RuntimeException" message="FAILED">
      <![CDATA[java.lang.RuntimeException: FAILED
	at Utilities.Reporter.reportStep(Reporter.java:33)
	at Utilities.Reporter.reportStep(Reporter.java:43)
	at CommonMethods.SeMethods.click(SeMethods.java:153)
	at Pages.DocProAdminHomePage.clickonDocumentstab(DocProAdminHomePage.java:58)
	at TestCases.DocProBasicFunctionality.createParentLevels(DocProBasicFunctionality.java:139)
... Removed 25 stack frames]]>
    </failure>
  </testcase> <!-- createParentLevels -->
  <testcase name="@AfterTest afterTest" time="0.0" classname="CommonMethods.ProjectMethods">
    <ignored/>
  </testcase> <!-- @AfterTest afterTest -->
  <testcase name="@BeforeSuite beforeSuite" time="0.0" classname="CommonMethods.ProjectMethods">
    <ignored/>
  </testcase> <!-- @BeforeSuite beforeSuite -->
  <testcase name="@AfterSuite afterSuite" time="0.0" classname="CommonMethods.ProjectMethods">
    <ignored/>
  </testcase> <!-- @AfterSuite afterSuite -->
  <testcase name="@BeforeTest beforeTest" time="0.0" classname="CommonMethods.ProjectMethods">
    <ignored/>
  </testcase> <!-- @BeforeTest beforeTest -->
</testsuite> <!-- Test -->
