<html>
<head>
<title>TestNG:  Test</title>
<link href="../testng.css" rel="stylesheet" type="text/css" />
<link href="../my-testng.css" rel="stylesheet" type="text/css" />

<style type="text/css">
.log { display: none;} 
.stack-trace { display: none;} 
</style>
<script type="text/javascript">
<!--
function flip(e) {
  current = e.style.display;
  if (current == 'block') {
    e.style.display = 'none';
    return 0;
  }
  else {
    e.style.display = 'block';
    return 1;
  }
}

function toggleBox(szDivId, elem, msg1, msg2)
{
  var res = -1;  if (document.getElementById) {
    res = flip(document.getElementById(szDivId));
  }
  else if (document.all) {
    // this is the way old msie versions work
    res = flip(document.all[szDivId]);
  }
  if(elem) {
    if(res == 0) elem.innerHTML = msg1; else elem.innerHTML = msg2;
  }

}

function toggleAllBoxes() {
  if (document.getElementsByTagName) {
    d = document.getElementsByTagName('div');
    for (i = 0; i < d.length; i++) {
      if (d[i].className == 'log') {
        flip(d[i]);
      }
    }
  }
}

// -->
</script>

</head>
<body>
<h2 align='center'>Test</h2><table border='1' align="center">
<tr>
<td>Tests passed/Failed/Skipped:</td><td>12/6/0</td>
</tr><tr>
<td>Started on:</td><td>Tue Jan 28 14:42:13 IST 2020</td>
</tr>
<tr><td>Total time:</td><td>1367 seconds (1367945 ms)</td>
</tr><tr>
<td>Included groups:</td><td></td>
</tr><tr>
<td>Excluded groups:</td><td></td>
</tr>
</table><p/>
<small><i>(Hover the method name to see the test class name)</i></small><p/>
<table width='100%' border='1' class='invocation-failed'>
<tr><td colspan='4' align='center'><b>FAILED TESTS</b></td></tr>
<tr><td><b>Test method</b></td>
<td width="30%"><b>Exception</b></td>
<td width="10%"><b>Time (seconds)</b></td>
<td><b>Instance</b></td>
</tr>
<tr>
<td title='TestCases.DocProBasicFunctionality.createParentLevels()'><b>createParentLevels</b><br>Test class: TestCases.DocProBasicFunctionality<br>Parameters: TC007, Y, Creaet the Sub levels in suite, administrator, admin, QMS FC Purchasing, , , QMS FC Purchasing, 01.FCPA, QMS/FC/P/FCPA/00, 5, , , , , , , , , , </td>
<td><div><pre>java.lang.NullPointerException
	at org.openqa.selenium.support.pagefactory.internal.LocatingElementHandler.invoke(LocatingElementHandler.java:51)
	at com.sun.proxy.$Proxy15.toString(Unknown Source)
	at java.lang.String.valueOf(Unknown Source)
	at java.lang.StringBuilder.append(Unknown Source)
	at CommonMethods.SeMethods.switchToFrame(SeMethods.java:364)
	at Pages.LevelCreationPage.createSubLevels(LevelCreationPage.java:101)
	at TestCases.DocProBasicFunctionality.createParentLevels(DocProBasicFunctionality.java:51)
... Removed 28 stack frames</pre></div><a href='#' onClick='toggleBox("stack-trace29089099", this, "Click to show all stack frames", "Click to hide stack frames")'>Click to show all stack frames</a>
<div class='stack-trace' id='stack-trace29089099'><pre>java.lang.NullPointerException
	at sun.reflect.GeneratedMethodAccessor27.invoke(Unknown Source)
	at sun.reflect.DelegatingMethodAccessorImpl.invoke(Unknown Source)
	at java.lang.reflect.Method.invoke(Unknown Source)
	at org.openqa.selenium.support.pagefactory.internal.LocatingElementHandler.invoke(LocatingElementHandler.java:51)
	at com.sun.proxy.$Proxy15.toString(Unknown Source)
	at java.lang.String.valueOf(Unknown Source)
	at java.lang.StringBuilder.append(Unknown Source)
	at CommonMethods.SeMethods.switchToFrame(SeMethods.java:364)
	at Pages.LevelCreationPage.createSubLevels(LevelCreationPage.java:101)
	at TestCases.DocProBasicFunctionality.createParentLevels(DocProBasicFunctionality.java:51)
	at sun.reflect.NativeMethodAccessorImpl.invoke0(Native Method)
	at sun.reflect.NativeMethodAccessorImpl.invoke(Unknown Source)
	at sun.reflect.DelegatingMethodAccessorImpl.invoke(Unknown Source)
	at java.lang.reflect.Method.invoke(Unknown Source)
	at org.testng.internal.MethodInvocationHelper.invokeMethod(MethodInvocationHelper.java:108)
	at org.testng.internal.Invoker.invokeMethod(Invoker.java:661)
	at org.testng.internal.Invoker.invokeTestMethod(Invoker.java:869)
	at org.testng.internal.Invoker.invokeTestMethods(Invoker.java:1193)
	at org.testng.internal.TestMethodWorker.invokeTestMethods(TestMethodWorker.java:126)
	at org.testng.internal.TestMethodWorker.run(TestMethodWorker.java:109)
	at org.testng.TestRunner.privateRun(TestRunner.java:744)
	at org.testng.TestRunner.run(TestRunner.java:602)
	at org.testng.SuiteRunner.runTest(SuiteRunner.java:380)
	at org.testng.SuiteRunner.runSequentially(SuiteRunner.java:375)
	at org.testng.SuiteRunner.privateRun(SuiteRunner.java:340)
	at org.testng.SuiteRunner.run(SuiteRunner.java:289)
	at org.testng.SuiteRunnerWorker.runSuite(SuiteRunnerWorker.java:52)
	at org.testng.SuiteRunnerWorker.run(SuiteRunnerWorker.java:86)
	at org.testng.TestNG.runSuitesSequentially(TestNG.java:1301)
	at org.testng.TestNG.runSuitesLocally(TestNG.java:1226)
	at org.testng.TestNG.runSuites(TestNG.java:1144)
	at org.testng.TestNG.run(TestNG.java:1115)
	at org.testng.remote.AbstractRemoteTestNG.run(AbstractRemoteTestNG.java:114)
	at org.testng.remote.RemoteTestNG.initAndRun(RemoteTestNG.java:251)
	at org.testng.remote.RemoteTestNG.main(RemoteTestNG.java:77)
</pre></div></td>
<td>53</td>
<td>TestCases.DocProBasicFunctionality@bbd20a</td></tr>
<tr>
<td title='TestCases.DocProBasicFunctionality.createParentLevels()'><b>createParentLevels</b><br>Test class: TestCases.DocProBasicFunctionality<br>Parameters: TC011, Y, Publish the document for the sub level which has auto approval route, bh, a1, , , , 01.FCPA, , , , 01, Assignment and Delegation of Work, D:\\Quality Manual\\Operation Procedure.doc, , , , , , , </td>
<td><div><pre>java.lang.NullPointerException
	at org.openqa.selenium.support.pagefactory.internal.LocatingElementHandler.invoke(LocatingElementHandler.java:51)
	at com.sun.proxy.$Proxy15.isDisplayed(Unknown Source)
	at org.openqa.selenium.support.ui.ExpectedConditions.elementIfVisible(ExpectedConditions.java:301)
	at org.openqa.selenium.support.ui.ExpectedConditions.access$100(ExpectedConditions.java:43)
	at org.openqa.selenium.support.ui.ExpectedConditions$10.apply(ExpectedConditions.java:287)
	at org.openqa.selenium.support.ui.ExpectedConditions$10.apply(ExpectedConditions.java:284)
	at org.openqa.selenium.support.ui.ExpectedConditions$23.apply(ExpectedConditions.java:672)
	at org.openqa.selenium.support.ui.ExpectedConditions$23.apply(ExpectedConditions.java:668)
	at org.openqa.selenium.support.ui.FluentWait.until(FluentWait.java:208)
	at CommonMethods.SeMethods.click(SeMethods.java:142)
	at Pages.NewDocumentsRequest.uploadNewDocument(NewDocumentsRequest.java:88)
	at TestCases.DocProBasicFunctionality.createParentLevels(DocProBasicFunctionality.java:91)
... Removed 28 stack frames</pre></div><a href='#' onClick='toggleBox("stack-trace1108302", this, "Click to show all stack frames", "Click to hide stack frames")'>Click to show all stack frames</a>
<div class='stack-trace' id='stack-trace1108302'><pre>java.lang.NullPointerException
	at sun.reflect.GeneratedMethodAccessor29.invoke(Unknown Source)
	at sun.reflect.DelegatingMethodAccessorImpl.invoke(Unknown Source)
	at java.lang.reflect.Method.invoke(Unknown Source)
	at org.openqa.selenium.support.pagefactory.internal.LocatingElementHandler.invoke(LocatingElementHandler.java:51)
	at com.sun.proxy.$Proxy15.isDisplayed(Unknown Source)
	at org.openqa.selenium.support.ui.ExpectedConditions.elementIfVisible(ExpectedConditions.java:301)
	at org.openqa.selenium.support.ui.ExpectedConditions.access$100(ExpectedConditions.java:43)
	at org.openqa.selenium.support.ui.ExpectedConditions$10.apply(ExpectedConditions.java:287)
	at org.openqa.selenium.support.ui.ExpectedConditions$10.apply(ExpectedConditions.java:284)
	at org.openqa.selenium.support.ui.ExpectedConditions$23.apply(ExpectedConditions.java:672)
	at org.openqa.selenium.support.ui.ExpectedConditions$23.apply(ExpectedConditions.java:668)
	at org.openqa.selenium.support.ui.FluentWait.until(FluentWait.java:208)
	at CommonMethods.SeMethods.click(SeMethods.java:142)
	at Pages.NewDocumentsRequest.uploadNewDocument(NewDocumentsRequest.java:88)
	at TestCases.DocProBasicFunctionality.createParentLevels(DocProBasicFunctionality.java:91)
	at sun.reflect.NativeMethodAccessorImpl.invoke0(Native Method)
	at sun.reflect.NativeMethodAccessorImpl.invoke(Unknown Source)
	at sun.reflect.DelegatingMethodAccessorImpl.invoke(Unknown Source)
	at java.lang.reflect.Method.invoke(Unknown Source)
	at org.testng.internal.MethodInvocationHelper.invokeMethod(MethodInvocationHelper.java:108)
	at org.testng.internal.Invoker.invokeMethod(Invoker.java:661)
	at org.testng.internal.Invoker.invokeTestMethod(Invoker.java:869)
	at org.testng.internal.Invoker.invokeTestMethods(Invoker.java:1193)
	at org.testng.internal.TestMethodWorker.invokeTestMethods(TestMethodWorker.java:126)
	at org.testng.internal.TestMethodWorker.run(TestMethodWorker.java:109)
	at org.testng.TestRunner.privateRun(TestRunner.java:744)
	at org.testng.TestRunner.run(TestRunner.java:602)
	at org.testng.SuiteRunner.runTest(SuiteRunner.java:380)
	at org.testng.SuiteRunner.runSequentially(SuiteRunner.java:375)
	at org.testng.SuiteRunner.privateRun(SuiteRunner.java:340)
	at org.testng.SuiteRunner.run(SuiteRunner.java:289)
	at org.testng.SuiteRunnerWorker.runSuite(SuiteRunnerWorker.java:52)
	at org.testng.SuiteRunnerWorker.run(SuiteRunnerWorker.java:86)
	at org.testng.TestNG.runSuitesSequentially(TestNG.java:1301)
	at org.testng.TestNG.runSuitesLocally(TestNG.java:1226)
	at org.testng.TestNG.runSuites(TestNG.java:1144)
	at org.testng.TestNG.run(TestNG.java:1115)
	at org.testng.remote.AbstractRemoteTestNG.run(AbstractRemoteTestNG.java:114)
	at org.testng.remote.RemoteTestNG.initAndRun(RemoteTestNG.java:251)
	at org.testng.remote.RemoteTestNG.main(RemoteTestNG.java:77)
</pre></div></td>
<td>121</td>
<td>TestCases.DocProBasicFunctionality@bbd20a</td></tr>
<tr>
<td title='TestCases.DocProBasicFunctionality.createParentLevels()'><b>createParentLevels</b><br>Test class: TestCases.DocProBasicFunctionality<br>Parameters: TC013, Y, Draft viewers reply with document to the requested draft, bh, a1, , , , , , , , , EV MR Evidence, D:\\Quality Manual\\Operation Procedure.doc, , , This draft is ok to proceeed further, , , , </td>
<td><div><pre>java.lang.RuntimeException: FAILED
	at Utilities.Reporter.reportStep(Reporter.java:33)
	at Utilities.Reporter.reportStep(Reporter.java:43)
	at CommonMethods.SeMethods.click(SeMethods.java:153)
	at Pages.Actions.draftRequestsNeedingViewing(Actions.java:110)
	at TestCases.DocProBasicFunctionality.createParentLevels(DocProBasicFunctionality.java:109)
... Removed 25 stack frames</pre></div><a href='#' onClick='toggleBox("stack-trace15379905", this, "Click to show all stack frames", "Click to hide stack frames")'>Click to show all stack frames</a>
<div class='stack-trace' id='stack-trace15379905'><pre>java.lang.RuntimeException: FAILED
	at Utilities.Reporter.reportStep(Reporter.java:33)
	at Utilities.Reporter.reportStep(Reporter.java:43)
	at CommonMethods.SeMethods.click(SeMethods.java:153)
	at Pages.Actions.draftRequestsNeedingViewing(Actions.java:110)
	at TestCases.DocProBasicFunctionality.createParentLevels(DocProBasicFunctionality.java:109)
	at sun.reflect.NativeMethodAccessorImpl.invoke0(Native Method)
	at sun.reflect.NativeMethodAccessorImpl.invoke(Unknown Source)
	at sun.reflect.DelegatingMethodAccessorImpl.invoke(Unknown Source)
	at java.lang.reflect.Method.invoke(Unknown Source)
	at org.testng.internal.MethodInvocationHelper.invokeMethod(MethodInvocationHelper.java:108)
	at org.testng.internal.Invoker.invokeMethod(Invoker.java:661)
	at org.testng.internal.Invoker.invokeTestMethod(Invoker.java:869)
	at org.testng.internal.Invoker.invokeTestMethods(Invoker.java:1193)
	at org.testng.internal.TestMethodWorker.invokeTestMethods(TestMethodWorker.java:126)
	at org.testng.internal.TestMethodWorker.run(TestMethodWorker.java:109)
	at org.testng.TestRunner.privateRun(TestRunner.java:744)
	at org.testng.TestRunner.run(TestRunner.java:602)
	at org.testng.SuiteRunner.runTest(SuiteRunner.java:380)
	at org.testng.SuiteRunner.runSequentially(SuiteRunner.java:375)
	at org.testng.SuiteRunner.privateRun(SuiteRunner.java:340)
	at org.testng.SuiteRunner.run(SuiteRunner.java:289)
	at org.testng.SuiteRunnerWorker.runSuite(SuiteRunnerWorker.java:52)
	at org.testng.SuiteRunnerWorker.run(SuiteRunnerWorker.java:86)
	at org.testng.TestNG.runSuitesSequentially(TestNG.java:1301)
	at org.testng.TestNG.runSuitesLocally(TestNG.java:1226)
	at org.testng.TestNG.runSuites(TestNG.java:1144)
	at org.testng.TestNG.run(TestNG.java:1115)
	at org.testng.remote.AbstractRemoteTestNG.run(AbstractRemoteTestNG.java:114)
	at org.testng.remote.RemoteTestNG.initAndRun(RemoteTestNG.java:251)
	at org.testng.remote.RemoteTestNG.main(RemoteTestNG.java:77)
</pre></div></td>
<td>51</td>
<td>TestCases.DocProBasicFunctionality@bbd20a</td></tr>
<tr>
<td title='TestCases.DocProBasicFunctionality.createParentLevels()'><b>createParentLevels</b><br>Test class: TestCases.DocProBasicFunctionality<br>Parameters: TC015, Y, Initiate change request(Document Revision) for the document which has autoapproval route, bh, a1, 01.FCPA, , , , , , , QMS/FC/P/FCPA/0001, , D:\\Quality Manual\\Operation Procedure.doc, , , , Need Some changes to be made in the document as per standard, Changing the norms as per the management std, , </td>
<td><div><pre>org.openqa.selenium.NoSuchElementException: no such element: Unable to locate element: {&quot;method&quot;:&quot;xpath&quot;,&quot;selector&quot;:&quot;//a[text()=&apos;QMS/FC/P/FCPA/0001&apos;]&quot;}
  (Session info: chrome=79.0.3945.130)
For documentation on this error, please visit: http://seleniumhq.org/exceptions/no_such_element.html
Build info: version: &apos;3.8.1&apos;, revision: &apos;6e95a6684b&apos;, time: &apos;2017-12-01T18:33:54.468Z&apos;
System info: host: &apos;DESKTOP-FLV1Q8H&apos;, ip: &apos;192.168.100.133&apos;, os.name: &apos;Windows 8.1&apos;, os.arch: &apos;x86&apos;, os.version: &apos;6.3&apos;, java.version: &apos;1.8.0&apos;
Driver info: org.openqa.selenium.chrome.ChromeDriver
Capabilities {acceptInsecureCerts: false, browserName: chrome, browserVersion: 79.0.3945.130, chrome: {chromedriverVersion: 78.0.3904.70 (edb9c9f3de024..., userDataDir: C:\Users\Omnex\AppData\Loca...}, goog:chromeOptions: {debuggerAddress: localhost:62909}, javascriptEnabled: true, networkConnectionEnabled: false, pageLoadStrategy: normal, platform: XP, platformName: XP, proxy: Proxy(), setWindowRect: true, strictFileInteractability: false, timeouts: {implicit: 0, pageLoad: 300000, script: 30000}, unhandledPromptBehavior: dismiss and notify}
Session ID: 7e5d2af4cac5d067e9a17e18ab0a68cf
*** Element info: {Using=xpath, value=//a[text()=&apos;QMS/FC/P/FCPA/0001&apos;]}
	at org.openqa.selenium.remote.http.W3CHttpResponseCodec.createException(W3CHttpResponseCodec.java:187)
	at org.openqa.selenium.remote.http.W3CHttpResponseCodec.decode(W3CHttpResponseCodec.java:122)
	at org.openqa.selenium.remote.http.W3CHttpResponseCodec.decode(W3CHttpResponseCodec.java:49)
	at org.openqa.selenium.remote.HttpCommandExecutor.execute(HttpCommandExecutor.java:164)
	at org.openqa.selenium.remote.service.DriverCommandExecutor.execute(DriverCommandExecutor.java:83)
	at org.openqa.selenium.remote.RemoteWebDriver.execute(RemoteWebDriver.java:601)
	at org.openqa.selenium.remote.RemoteWebDriver.findElement(RemoteWebDriver.java:371)
	at org.openqa.selenium.remote.RemoteWebDriver.findElementByXPath(RemoteWebDriver.java:473)
	at Pages.TOC.reviseDocument(TOC.java:106)
	at TestCases.DocProBasicFunctionality.createParentLevels(DocProBasicFunctionality.java:125)
... Removed 28 stack frames</pre></div><a href='#' onClick='toggleBox("stack-trace11593473", this, "Click to show all stack frames", "Click to hide stack frames")'>Click to show all stack frames</a>
<div class='stack-trace' id='stack-trace11593473'><pre>org.openqa.selenium.NoSuchElementException: no such element: Unable to locate element: {&quot;method&quot;:&quot;xpath&quot;,&quot;selector&quot;:&quot;//a[text()=&apos;QMS/FC/P/FCPA/0001&apos;]&quot;}
  (Session info: chrome=79.0.3945.130)
For documentation on this error, please visit: http://seleniumhq.org/exceptions/no_such_element.html
Build info: version: &apos;3.8.1&apos;, revision: &apos;6e95a6684b&apos;, time: &apos;2017-12-01T18:33:54.468Z&apos;
System info: host: &apos;DESKTOP-FLV1Q8H&apos;, ip: &apos;192.168.100.133&apos;, os.name: &apos;Windows 8.1&apos;, os.arch: &apos;x86&apos;, os.version: &apos;6.3&apos;, java.version: &apos;1.8.0&apos;
Driver info: org.openqa.selenium.chrome.ChromeDriver
Capabilities {acceptInsecureCerts: false, browserName: chrome, browserVersion: 79.0.3945.130, chrome: {chromedriverVersion: 78.0.3904.70 (edb9c9f3de024..., userDataDir: C:\Users\Omnex\AppData\Loca...}, goog:chromeOptions: {debuggerAddress: localhost:62909}, javascriptEnabled: true, networkConnectionEnabled: false, pageLoadStrategy: normal, platform: XP, platformName: XP, proxy: Proxy(), setWindowRect: true, strictFileInteractability: false, timeouts: {implicit: 0, pageLoad: 300000, script: 30000}, unhandledPromptBehavior: dismiss and notify}
Session ID: 7e5d2af4cac5d067e9a17e18ab0a68cf
*** Element info: {Using=xpath, value=//a[text()=&apos;QMS/FC/P/FCPA/0001&apos;]}
	at sun.reflect.GeneratedConstructorAccessor32.newInstance(Unknown Source)
	at sun.reflect.DelegatingConstructorAccessorImpl.newInstance(Unknown Source)
	at java.lang.reflect.Constructor.newInstance(Unknown Source)
	at org.openqa.selenium.remote.http.W3CHttpResponseCodec.createException(W3CHttpResponseCodec.java:187)
	at org.openqa.selenium.remote.http.W3CHttpResponseCodec.decode(W3CHttpResponseCodec.java:122)
	at org.openqa.selenium.remote.http.W3CHttpResponseCodec.decode(W3CHttpResponseCodec.java:49)
	at org.openqa.selenium.remote.HttpCommandExecutor.execute(HttpCommandExecutor.java:164)
	at org.openqa.selenium.remote.service.DriverCommandExecutor.execute(DriverCommandExecutor.java:83)
	at org.openqa.selenium.remote.RemoteWebDriver.execute(RemoteWebDriver.java:601)
	at org.openqa.selenium.remote.RemoteWebDriver.findElement(RemoteWebDriver.java:371)
	at org.openqa.selenium.remote.RemoteWebDriver.findElementByXPath(RemoteWebDriver.java:473)
	at Pages.TOC.reviseDocument(TOC.java:106)
	at TestCases.DocProBasicFunctionality.createParentLevels(DocProBasicFunctionality.java:125)
	at sun.reflect.NativeMethodAccessorImpl.invoke0(Native Method)
	at sun.reflect.NativeMethodAccessorImpl.invoke(Unknown Source)
	at sun.reflect.DelegatingMethodAccessorImpl.invoke(Unknown Source)
	at java.lang.reflect.Method.invoke(Unknown Source)
	at org.testng.internal.MethodInvocationHelper.invokeMethod(MethodInvocationHelper.java:108)
	at org.testng.internal.Invoker.invokeMethod(Invoker.java:661)
	at org.testng.internal.Invoker.invokeTestMethod(Invoker.java:869)
	at org.testng.internal.Invoker.invokeTestMethods(Invoker.java:1193)
	at org.testng.internal.TestMethodWorker.invokeTestMethods(TestMethodWorker.java:126)
	at org.testng.internal.TestMethodWorker.run(TestMethodWorker.java:109)
	at org.testng.TestRunner.privateRun(TestRunner.java:744)
	at org.testng.TestRunner.run(TestRunner.java:602)
	at org.testng.SuiteRunner.runTest(SuiteRunner.java:380)
	at org.testng.SuiteRunner.runSequentially(SuiteRunner.java:375)
	at org.testng.SuiteRunner.privateRun(SuiteRunner.java:340)
	at org.testng.SuiteRunner.run(SuiteRunner.java:289)
	at org.testng.SuiteRunnerWorker.runSuite(SuiteRunnerWorker.java:52)
	at org.testng.SuiteRunnerWorker.run(SuiteRunnerWorker.java:86)
	at org.testng.TestNG.runSuitesSequentially(TestNG.java:1301)
	at org.testng.TestNG.runSuitesLocally(TestNG.java:1226)
	at org.testng.TestNG.runSuites(TestNG.java:1144)
	at org.testng.TestNG.run(TestNG.java:1115)
	at org.testng.remote.AbstractRemoteTestNG.run(AbstractRemoteTestNG.java:114)
	at org.testng.remote.RemoteTestNG.initAndRun(RemoteTestNG.java:251)
	at org.testng.remote.RemoteTestNG.main(RemoteTestNG.java:77)
</pre></div></td>
<td>71</td>
<td>TestCases.DocProBasicFunctionality@bbd20a</td></tr>
<tr>
<td title='TestCases.DocProBasicFunctionality.createParentLevels()'><b>createParentLevels</b><br>Test class: TestCases.DocProBasicFunctionality<br>Parameters: TC016, Y, Validate the  published document is displayed in TOC , bh, a1, 01.FCPA, , , , , , , QMS/FC/P/FCPA/0001, Assignment and Delegation of Work, , , , , , , B.I, B Bhuvana  </td>
<td><div><pre>java.lang.NullPointerException
	at CommonMethods.SeMethods.getText(SeMethods.java:208)
	at CommonMethods.SeMethods.verifyExactText(SeMethods.java:273)
	at Pages.TOC.validateDocISRevised(TOC.java:136)
	at TestCases.DocProBasicFunctionality.createParentLevels(DocProBasicFunctionality.java:133)
... Removed 25 stack frames</pre></div><a href='#' onClick='toggleBox("stack-trace7346738", this, "Click to show all stack frames", "Click to hide stack frames")'>Click to show all stack frames</a>
<div class='stack-trace' id='stack-trace7346738'><pre>java.lang.NullPointerException
	at CommonMethods.SeMethods.getText(SeMethods.java:208)
	at CommonMethods.SeMethods.verifyExactText(SeMethods.java:273)
	at Pages.TOC.validateDocISRevised(TOC.java:136)
	at TestCases.DocProBasicFunctionality.createParentLevels(DocProBasicFunctionality.java:133)
	at sun.reflect.NativeMethodAccessorImpl.invoke0(Native Method)
	at sun.reflect.NativeMethodAccessorImpl.invoke(Unknown Source)
	at sun.reflect.DelegatingMethodAccessorImpl.invoke(Unknown Source)
	at java.lang.reflect.Method.invoke(Unknown Source)
	at org.testng.internal.MethodInvocationHelper.invokeMethod(MethodInvocationHelper.java:108)
	at org.testng.internal.Invoker.invokeMethod(Invoker.java:661)
	at org.testng.internal.Invoker.invokeTestMethod(Invoker.java:869)
	at org.testng.internal.Invoker.invokeTestMethods(Invoker.java:1193)
	at org.testng.internal.TestMethodWorker.invokeTestMethods(TestMethodWorker.java:126)
	at org.testng.internal.TestMethodWorker.run(TestMethodWorker.java:109)
	at org.testng.TestRunner.privateRun(TestRunner.java:744)
	at org.testng.TestRunner.run(TestRunner.java:602)
	at org.testng.SuiteRunner.runTest(SuiteRunner.java:380)
	at org.testng.SuiteRunner.runSequentially(SuiteRunner.java:375)
	at org.testng.SuiteRunner.privateRun(SuiteRunner.java:340)
	at org.testng.SuiteRunner.run(SuiteRunner.java:289)
	at org.testng.SuiteRunnerWorker.runSuite(SuiteRunnerWorker.java:52)
	at org.testng.SuiteRunnerWorker.run(SuiteRunnerWorker.java:86)
	at org.testng.TestNG.runSuitesSequentially(TestNG.java:1301)
	at org.testng.TestNG.runSuitesLocally(TestNG.java:1226)
	at org.testng.TestNG.runSuites(TestNG.java:1144)
	at org.testng.TestNG.run(TestNG.java:1115)
	at org.testng.remote.AbstractRemoteTestNG.run(AbstractRemoteTestNG.java:114)
	at org.testng.remote.RemoteTestNG.initAndRun(RemoteTestNG.java:251)
	at org.testng.remote.RemoteTestNG.main(RemoteTestNG.java:77)
</pre></div></td>
<td>60</td>
<td>TestCases.DocProBasicFunctionality@bbd20a</td></tr>
<tr>
<td title='TestCases.DocProBasicFunctionality.createParentLevels()'><b>createParentLevels</b><br>Test class: TestCases.DocProBasicFunctionality<br>Parameters: TC017, Y, Initiate delete  request for the document which has  autoapproval route, bh, a1, 01.FCPA, , , , , , , QMS/FC/P/FCPA/0001, , , , , , Not following as per standards, Need more changes on this document, , </td>
<td><div><pre>java.lang.RuntimeException: FAILED
	at Utilities.Reporter.reportStep(Reporter.java:33)
	at Utilities.Reporter.reportStep(Reporter.java:43)
	at CommonMethods.SeMethods.click(SeMethods.java:153)
	at Pages.DocProAdminHomePage.clickonDocumentstab(DocProAdminHomePage.java:58)
	at TestCases.DocProBasicFunctionality.createParentLevels(DocProBasicFunctionality.java:139)
... Removed 25 stack frames</pre></div><a href='#' onClick='toggleBox("stack-trace29000827", this, "Click to show all stack frames", "Click to hide stack frames")'>Click to show all stack frames</a>
<div class='stack-trace' id='stack-trace29000827'><pre>java.lang.RuntimeException: FAILED
	at Utilities.Reporter.reportStep(Reporter.java:33)
	at Utilities.Reporter.reportStep(Reporter.java:43)
	at CommonMethods.SeMethods.click(SeMethods.java:153)
	at Pages.DocProAdminHomePage.clickonDocumentstab(DocProAdminHomePage.java:58)
	at TestCases.DocProBasicFunctionality.createParentLevels(DocProBasicFunctionality.java:139)
	at sun.reflect.NativeMethodAccessorImpl.invoke0(Native Method)
	at sun.reflect.NativeMethodAccessorImpl.invoke(Unknown Source)
	at sun.reflect.DelegatingMethodAccessorImpl.invoke(Unknown Source)
	at java.lang.reflect.Method.invoke(Unknown Source)
	at org.testng.internal.MethodInvocationHelper.invokeMethod(MethodInvocationHelper.java:108)
	at org.testng.internal.Invoker.invokeMethod(Invoker.java:661)
	at org.testng.internal.Invoker.invokeTestMethod(Invoker.java:869)
	at org.testng.internal.Invoker.invokeTestMethods(Invoker.java:1193)
	at org.testng.internal.TestMethodWorker.invokeTestMethods(TestMethodWorker.java:126)
	at org.testng.internal.TestMethodWorker.run(TestMethodWorker.java:109)
	at org.testng.TestRunner.privateRun(TestRunner.java:744)
	at org.testng.TestRunner.run(TestRunner.java:602)
	at org.testng.SuiteRunner.runTest(SuiteRunner.java:380)
	at org.testng.SuiteRunner.runSequentially(SuiteRunner.java:375)
	at org.testng.SuiteRunner.privateRun(SuiteRunner.java:340)
	at org.testng.SuiteRunner.run(SuiteRunner.java:289)
	at org.testng.SuiteRunnerWorker.runSuite(SuiteRunnerWorker.java:52)
	at org.testng.SuiteRunnerWorker.run(SuiteRunnerWorker.java:86)
	at org.testng.TestNG.runSuitesSequentially(TestNG.java:1301)
	at org.testng.TestNG.runSuitesLocally(TestNG.java:1226)
	at org.testng.TestNG.runSuites(TestNG.java:1144)
	at org.testng.TestNG.run(TestNG.java:1115)
	at org.testng.remote.AbstractRemoteTestNG.run(AbstractRemoteTestNG.java:114)
	at org.testng.remote.RemoteTestNG.initAndRun(RemoteTestNG.java:251)
	at org.testng.remote.RemoteTestNG.main(RemoteTestNG.java:77)
</pre></div></td>
<td>19</td>
<td>TestCases.DocProBasicFunctionality@bbd20a</td></tr>
</table><p>
<table width='100%' border='1' class='invocation-passed'>
<tr><td colspan='4' align='center'><b>PASSED TESTS</b></td></tr>
<tr><td><b>Test method</b></td>
<td width="30%"><b>Exception</b></td>
<td width="10%"><b>Time (seconds)</b></td>
<td><b>Instance</b></td>
</tr>
<tr>
<td title='TestCases.DocProBasicFunctionality.createParentLevels()'><b>createParentLevels</b><br>Test class: TestCases.DocProBasicFunctionality<br>Parameters: TC006, Y, Create the parent levels in suite, administrator, admin, QMS FC Purchasing, QMS/FC/P/00, 2, , , , , , , , , , , , , , </td>
<td></td>
<td>54</td>
<td>TestCases.DocProBasicFunctionality@bbd20a</td></tr>
<tr>
<td title='TestCases.DocProBasicFunctionality.createParentLevels()'><b>createParentLevels</b><br>Test class: TestCases.DocProBasicFunctionality<br>Parameters: TC008, Y, Activate the folder from folder management in Doc Pro and set revision number as custom revision, bh, a1, , , , 01.FCPA, , , , , , , , , , , , , </td>
<td></td>
<td>62</td>
<td>TestCases.DocProBasicFunctionality@bbd20a</td></tr>
<tr>
<td title='TestCases.DocProBasicFunctionality.createParentLevels()'><b>createParentLevels</b><br>Test class: TestCases.DocProBasicFunctionality<br>Parameters: TC009, Y, Create Doc Pro Admin Group, bh, a1, , , , , , , , , , , EMP295, Doc Pro Admin Group, , , , , </td>
<td></td>
<td>106</td>
<td>TestCases.DocProBasicFunctionality@bbd20a</td></tr>
<tr>
<td title='TestCases.DocProBasicFunctionality.createParentLevels()'><b>createParentLevels</b><br>Test class: TestCases.DocProBasicFunctionality<br>Parameters: TC010, Y, Set Attach rights and Full access for the created group, bh, a1, , , , 01.FCPA, , , , , , , , Doc Pro Admin Group, , , , , </td>
<td></td>
<td>107</td>
<td>TestCases.DocProBasicFunctionality@bbd20a</td></tr>
<tr>
<td title='TestCases.DocProBasicFunctionality.createParentLevels()'><b>createParentLevels</b><br>Test class: TestCases.DocProBasicFunctionality<br>Parameters: TC012, Y, Publish the draft for the sub level which has auto approval route, bh, a1, , , , 01.FCPA, , , , 02, EV MR Evidence, D:\\Quality Manual\\BSM 2 Management Responsibility.doc, EMP295, , , , , , </td>
<td></td>
<td>181</td>
<td>TestCases.DocProBasicFunctionality@bbd20a</td></tr>
<tr>
<td title='TestCases.DocProBasicFunctionality.createParentLevels()'><b>createParentLevels</b><br>Test class: TestCases.DocProBasicFunctionality<br>Parameters: TC014, Y, Draft to document change request for the level which has autoapproval, bh, a1, , , , , , , , , EV MR Evidence, D:\\Quality Manual\\Operation Procedure.doc, , , , Need to change it into document, NA, , </td>
<td></td>
<td>65</td>
<td>TestCases.DocProBasicFunctionality@bbd20a</td></tr>
<tr>
<td title='TestCases.BasicSuiteFunctionality.login()'><b>login</b><br>Test class: TestCases.BasicSuiteFunctionality<br>Parameters: TC001, Login to EwQIMS with valid username and Password, administrator, admin, , , , , , , </td>
<td></td>
<td>11</td>
<td>TestCases.BasicSuiteFunctionality@729b1e</td></tr>
<tr>
<td title='TestCases.BasicSuiteFunctionality.login()'><b>login</b><br>Test class: TestCases.BasicSuiteFunctionality<br>Parameters: TC002, Login to EwQIMS with invalid username and Password, bh, tet, , , , , , , </td>
<td></td>
<td>1</td>
<td>TestCases.BasicSuiteFunctionality@729b1e</td></tr>
<tr>
<td title='TestCases.BasicSuiteFunctionality.login()'><b>login</b><br>Test class: TestCases.BasicSuiteFunctionality<br>Parameters: TC003, Create the User into EwQIMS and validate the user is saved, administrator, admin, EMP295, Bhuvana, B, bh@a.com, bh, a1, a1</td>
<td></td>
<td>44</td>
<td>TestCases.BasicSuiteFunctionality@729b1e</td></tr>
<tr>
<td title='TestCases.BasicSuiteFunctionality.login()'><b>login</b><br>Test class: TestCases.BasicSuiteFunctionality<br>Parameters: TC004, Assign the created user as module administrator for Doc Pro, administrator, admin, EMP295, , , , , , </td>
<td></td>
<td>111</td>
<td>TestCases.BasicSuiteFunctionality@729b1e</td></tr>
<tr>
<td title='TestCases.BasicSuiteFunctionality.login()'><b>login</b><br>Test class: TestCases.BasicSuiteFunctionality<br>Parameters: TC004A, Assign the created user as Suite administrator , administrator, admin, EMP295, , , , , , </td>
<td></td>
<td>107</td>
<td>TestCases.BasicSuiteFunctionality@729b1e</td></tr>
<tr>
<td title='TestCases.BasicSuiteFunctionality.login()'><b>login</b><br>Test class: TestCases.BasicSuiteFunctionality<br>Parameters: TC005, Set Doc Pro as Landing Page to the created user, bh, a1, , , , , , , </td>
<td></td>
<td>32</td>
<td>TestCases.BasicSuiteFunctionality@729b1e</td></tr>
</table><p>
</body>
</html>