<?xml version="1.0" encoding="UTF-8"?>
<!-- Generated by org.testng.reporters.JUnitXMLReporter -->
<testsuite hostname="DESKTOP-FLV1Q8H" ignored="0" name="Test(failed)" tests="6" failures="3" timestamp="28 Jan 2020 09:42:19 GMT" time="360.59" errors="0">
  <testcase name="createParentLevels" time="17.139" classname="TestCases.DocProBasicFunctionality">
    <failure type="java.lang.NullPointerException">
      <![CDATA[java.lang.NullPointerException
	at org.openqa.selenium.support.pagefactory.internal.LocatingElementHandler.invoke(LocatingElementHandler.java:51)
	at com.sun.proxy.$Proxy15.toString(Unknown Source)
	at java.lang.String.valueOf(Unknown Source)
	at java.lang.StringBuilder.append(Unknown Source)
	at CommonMethods.SeMethods.switchToFrame(SeMethods.java:364)
	at Pages.LevelCreationPage.createSubLevels(LevelCreationPage.java:92)
	at TestCases.DocProBasicFunctionality.createParentLevels(DocProBasicFunctionality.java:51)
... Removed 29 stack frames]]>
    </failure>
  </testcase> <!-- createParentLevels -->
  <testcase name="createParentLevels" time="103.026" classname="TestCases.DocProBasicFunctionality"/>
  <testcase name="createParentLevels" time="16.578" classname="TestCases.DocProBasicFunctionality">
    <failure type="java.lang.NullPointerException">
      <![CDATA[java.lang.NullPointerException
	at org.openqa.selenium.support.pagefactory.internal.LocatingElementHandler.invoke(LocatingElementHandler.java:51)
	at com.sun.proxy.$Proxy15.toString(Unknown Source)
	at java.lang.String.valueOf(Unknown Source)
	at java.lang.StringBuilder.append(Unknown Source)
	at CommonMethods.SeMethods.switchToFrame(SeMethods.java:364)
	at Pages.Actions.draftRequestsNeedingViewing(Actions.java:103)
	at TestCases.DocProBasicFunctionality.createParentLevels(DocProBasicFunctionality.java:109)
... Removed 29 stack frames]]>
    </failure>
  </testcase> <!-- createParentLevels -->
  <testcase name="createParentLevels" time="58.378" classname="TestCases.DocProBasicFunctionality"/>
  <testcase name="createParentLevels" time="74.716" classname="TestCases.DocProBasicFunctionality">
    <failure type="org.openqa.selenium.NoSuchElementException" message="no such element: Unable to locate element: {&amp;quot;method&amp;quot;:&amp;quot;xpath&amp;quot;,&amp;quot;selector&amp;quot;:&amp;quot;//td[text()=&amp;apos;B Bhuvana  &amp;apos;]&amp;quot;}
  (Session info: chrome=79.0.3945.130)
For documentation on this error, please visit: http://seleniumhq.org/exceptions/no_such_element.html
Build info: version: &amp;apos;3.8.1&amp;apos;, revision: &amp;apos;6e95a6684b&amp;apos;, time: &amp;apos;2017-12-01T18:33:54.468Z&amp;apos;
System info: host: &amp;apos;DESKTOP-FLV1Q8H&amp;apos;, ip: &amp;apos;192.168.100.133&amp;apos;, os.name: &amp;apos;Windows 8.1&amp;apos;, os.arch: &amp;apos;x86&amp;apos;, os.version: &amp;apos;6.3&amp;apos;, java.version: &amp;apos;1.8.0&amp;apos;
Driver info: org.openqa.selenium.chrome.ChromeDriver
Capabilities {acceptInsecureCerts: false, browserName: chrome, browserVersion: 79.0.3945.130, chrome: {chromedriverVersion: 78.0.3904.70 (edb9c9f3de024..., userDataDir: C:\Users\Omnex\AppData\Loca...}, goog:chromeOptions: {debuggerAddress: localhost:63243}, javascriptEnabled: true, networkConnectionEnabled: false, pageLoadStrategy: normal, platform: XP, platformName: XP, proxy: Proxy(), setWindowRect: true, strictFileInteractability: false, timeouts: {implicit: 0, pageLoad: 300000, script: 30000}, unhandledPromptBehavior: dismiss and notify}
Session ID: 330a232944d4afdd16e964fde265693c
*** Element info: {Using=xpath, value=//td[text()=&amp;apos;B Bhuvana  &amp;apos;]}">
      <![CDATA[org.openqa.selenium.NoSuchElementException: no such element: Unable to locate element: {"method":"xpath","selector":"//td[text()='B Bhuvana  ']"}
  (Session info: chrome=79.0.3945.130)
For documentation on this error, please visit: http://seleniumhq.org/exceptions/no_such_element.html
Build info: version: '3.8.1', revision: '6e95a6684b', time: '2017-12-01T18:33:54.468Z'
System info: host: 'DESKTOP-FLV1Q8H', ip: '192.168.100.133', os.name: 'Windows 8.1', os.arch: 'x86', os.version: '6.3', java.version: '1.8.0'
Driver info: org.openqa.selenium.chrome.ChromeDriver
Capabilities {acceptInsecureCerts: false, browserName: chrome, browserVersion: 79.0.3945.130, chrome: {chromedriverVersion: 78.0.3904.70 (edb9c9f3de024..., userDataDir: C:\Users\Omnex\AppData\Loca...}, goog:chromeOptions: {debuggerAddress: localhost:63243}, javascriptEnabled: true, networkConnectionEnabled: false, pageLoadStrategy: normal, platform: XP, platformName: XP, proxy: Proxy(), setWindowRect: true, strictFileInteractability: false, timeouts: {implicit: 0, pageLoad: 300000, script: 30000}, unhandledPromptBehavior: dismiss and notify}
Session ID: 330a232944d4afdd16e964fde265693c
*** Element info: {Using=xpath, value=//td[text()='B Bhuvana  ']}
	at org.openqa.selenium.remote.http.W3CHttpResponseCodec.createException(W3CHttpResponseCodec.java:187)
	at org.openqa.selenium.remote.http.W3CHttpResponseCodec.decode(W3CHttpResponseCodec.java:122)
	at org.openqa.selenium.remote.http.W3CHttpResponseCodec.decode(W3CHttpResponseCodec.java:49)
	at org.openqa.selenium.remote.HttpCommandExecutor.execute(HttpCommandExecutor.java:164)
	at org.openqa.selenium.remote.service.DriverCommandExecutor.execute(DriverCommandExecutor.java:83)
	at org.openqa.selenium.remote.RemoteWebDriver.execute(RemoteWebDriver.java:601)
	at org.openqa.selenium.remote.RemoteWebDriver.findElement(RemoteWebDriver.java:371)
	at org.openqa.selenium.remote.RemoteWebDriver.findElementByXPath(RemoteWebDriver.java:473)
	at Pages.TOC.validateDocISRevised(TOC.java:141)
	at TestCases.DocProBasicFunctionality.createParentLevels(DocProBasicFunctionality.java:133)
... Removed 29 stack frames]]>
    </failure>
  </testcase> <!-- createParentLevels -->
  <testcase name="createParentLevels" time="55.401" classname="TestCases.DocProBasicFunctionality"/>
</testsuite> <!-- Test(failed) -->
